<?xml version="1.0" encoding="UTF-8" ?>
<testsuite errors="0" failures="0" hostname="fdayan-mbp.local" name="LiquibaseDslTests" tests="1" time="1.555" timestamp="2010-07-01T00:53:19">
  <properties>
[...]
</properties>
  <testcase classname="LiquibaseDslTests" name="testUpdateShouldCreateTable" time="1.492" />
  <system-out><![CDATA[]]></system-out>
  <system-err><![CDATA[Jun 30, 2010 8:53:20 PM liquibase.database.template.JdbcTemplate comment
INFO: Lock Database
Jun 30, 2010 8:53:20 PM liquibase.lock.LockHandler acquireLock
INFO: Successfully acquired change log lock
Jun 30, 2010 8:53:21 PM liquibase.database.AbstractDatabase getRanChangeSetList
INFO: Reading from `DATABASECHANGELOG`
Jun 30, 2010 8:53:21 PM liquibase.database.template.JdbcTemplate comment
INFO: Release Database Lock
Jun 30, 2010 8:53:21 PM liquibase.lock.LockHandler releaseLock
INFO: Successfully released change log lock
]]></system-err>
</testsuite>
